[18:52:40] [ServerMain/INFO]: Environment: authHost='https://authserver.mojang.com', accountsHost='https://api.mojang.com', sessionHost='https://sessionserver.mojang.com', servicesHost='https://api.minecraftservices.com', name='PROD'
[18:52:43] [ServerMain/INFO]: Loaded 7 recipes
[18:52:43] [ServerMain/INFO]: Loaded 1271 advancements
[18:52:43] [Server thread/INFO]: Starting minecraft server version 1.20
[18:52:43] [Server thread/INFO]: Loading properties
[18:52:43] [Server thread/INFO]: Default game type: SURVIVAL
[18:52:43] [Server thread/INFO]: Generating keypair
[18:52:44] [Server thread/INFO]: Starting Minecraft server on *:25565
[18:52:44] [Server thread/INFO]: Using epoll channel type
[18:52:44] [Server thread/WARN]: **** SERVER IS RUNNING IN OFFLINE/INSECURE MODE!
[18:52:44] [Server thread/WARN]: The server will make no attempt to authenticate usernames. Beware.
[18:52:44] [Server thread/WARN]: While this makes the game possible to play without internet access, it also opens up the ability for hackers to connect with any username they choose.
[18:52:44] [Server thread/WARN]: To change this, set "online-mode" to "true" in the server.properties file.
[18:52:44] [Server thread/INFO]: Preparing level "world"
[18:52:56] [Server thread/INFO]: Preparing start region for dimension minecraft:overworld
[18:52:58] [Worker-Main-6/INFO]: Preparing spawn area: 0%
[18:52:58] [Worker-Main-6/INFO]: Preparing spawn area: 0%
[18:52:58] [Worker-Main-6/INFO]: Preparing spawn area: 0%
[18:52:58] [Worker-Main-6/INFO]: Preparing spawn area: 0%
[18:52:58] [Worker-Main-6/INFO]: Preparing spawn area: 0%
[18:52:59] [Worker-Main-6/INFO]: Preparing spawn area: 0%
[18:52:59] [Worker-Main-6/INFO]: Preparing spawn area: 0%
[18:53:00] [Worker-Main-6/INFO]: Preparing spawn area: 0%
[18:53:00] [Worker-Main-6/INFO]: Preparing spawn area: 0%
[18:53:01] [Worker-Main-6/INFO]: Preparing spawn area: 0%
[18:53:01] [Worker-Main-6/INFO]: Preparing spawn area: 0%
[18:53:02] [Worker-Main-6/INFO]: Preparing spawn area: 0%
[18:53:02] [Worker-Main-6/INFO]: Preparing spawn area: 0%
[18:53:02] [Worker-Main-6/INFO]: Preparing spawn area: 0%
[18:53:03] [Worker-Main-6/INFO]: Preparing spawn area: 0%
[18:53:04] [Worker-Main-6/INFO]: Preparing spawn area: 0%
[18:53:04] [Worker-Main-6/INFO]: Preparing spawn area: 0%
[18:53:05] [Worker-Main-6/INFO]: Preparing spawn area: 0%
[18:53:05] [Worker-Main-6/INFO]: Preparing spawn area: 0%
[18:53:06] [Worker-Main-6/INFO]: Preparing spawn area: 0%
[18:53:06] [Worker-Main-6/INFO]: Preparing spawn area: 0%
[18:53:06] [Worker-Main-6/INFO]: Preparing spawn area: 0%
[18:53:07] [Worker-Main-6/INFO]: Preparing spawn area: 0%
[18:53:08] [Worker-Main-6/INFO]: Preparing spawn area: 0%
[18:53:08] [Worker-Main-6/INFO]: Preparing spawn area: 0%
[18:53:09] [Worker-Main-6/INFO]: Preparing spawn area: 0%
[18:53:09] [Worker-Main-6/INFO]: Preparing spawn area: 0%
[18:53:10] [Worker-Main-6/INFO]: Preparing spawn area: 0%
[18:53:10] [Worker-Main-6/INFO]: Preparing spawn area: 0%
[18:53:10] [Worker-Main-6/INFO]: Preparing spawn area: 0%
[18:53:11] [Worker-Main-6/INFO]: Preparing spawn area: 0%
[18:53:12] [Worker-Main-6/INFO]: Preparing spawn area: 0%
[18:53:12] [Worker-Main-6/INFO]: Preparing spawn area: 0%
[18:53:12] [Worker-Main-6/INFO]: Preparing spawn area: 0%
[18:53:13] [Worker-Main-6/INFO]: Preparing spawn area: 0%
[18:53:13] [Worker-Main-6/INFO]: Preparing spawn area: 0%
[18:53:14] [Worker-Main-6/INFO]: Preparing spawn area: 0%
[18:53:15] [Worker-Main-6/INFO]: Preparing spawn area: 0%
[18:53:15] [Worker-Main-6/INFO]: Preparing spawn area: 0%
[18:53:15] [Worker-Main-6/INFO]: Preparing spawn area: 0%
[18:53:16] [Worker-Main-6/INFO]: Preparing spawn area: 0%
[18:53:16] [Worker-Main-6/INFO]: Preparing spawn area: 0%
[18:53:17] [Worker-Main-6/INFO]: Preparing spawn area: 0%
[18:53:18] [Worker-Main-6/INFO]: Preparing spawn area: 0%
[18:53:18] [Worker-Main-6/INFO]: Preparing spawn area: 0%
[18:53:19] [Worker-Main-6/INFO]: Preparing spawn area: 0%
[18:53:19] [Worker-Main-6/INFO]: Preparing spawn area: 0%
[18:53:19] [Worker-Main-6/INFO]: Preparing spawn area: 0%
[18:53:20] [Worker-Main-6/INFO]: Preparing spawn area: 0%
[18:53:21] [Worker-Main-6/INFO]: Preparing spawn area: 0%
[18:53:21] [Worker-Main-6/INFO]: Preparing spawn area: 0%
[18:53:21] [Worker-Main-6/INFO]: Preparing spawn area: 0%
[18:53:22] [Worker-Main-6/INFO]: Preparing spawn area: 0%
[18:53:22] [Worker-Main-6/INFO]: Preparing spawn area: 0%
[18:53:23] [Worker-Main-6/INFO]: Preparing spawn area: 0%
[18:53:24] [Worker-Main-6/INFO]: Preparing spawn area: 0%
[18:53:24] [Worker-Main-6/INFO]: Preparing spawn area: 0%
[18:53:24] [Worker-Main-6/INFO]: Preparing spawn area: 0%
[18:53:25] [Worker-Main-6/INFO]: Preparing spawn area: 0%
[18:53:26] [Worker-Main-6/INFO]: Preparing spawn area: 0%
[18:53:26] [Worker-Main-6/INFO]: Preparing spawn area: 0%
[18:53:27] [Worker-Main-6/INFO]: Preparing spawn area: 0%
[18:53:27] [Worker-Main-6/INFO]: Preparing spawn area: 0%
[18:53:28] [Worker-Main-6/INFO]: Preparing spawn area: 0%
[18:53:28] [Worker-Main-6/INFO]: Preparing spawn area: 0%
[18:53:28] [Worker-Main-6/INFO]: Preparing spawn area: 0%
[18:53:29] [Worker-Main-6/INFO]: Preparing spawn area: 0%
[18:53:29] [Worker-Main-6/INFO]: Preparing spawn area: 0%
[18:53:30] [Worker-Main-6/INFO]: Preparing spawn area: 0%
[18:53:30] [Worker-Main-6/INFO]: Preparing spawn area: 0%
[18:53:31] [Worker-Main-6/INFO]: Preparing spawn area: 0%
[18:53:31] [Worker-Main-6/INFO]: Preparing spawn area: 0%
[18:53:32] [Worker-Main-6/INFO]: Preparing spawn area: 0%
[18:53:32] [Worker-Main-6/INFO]: Preparing spawn area: 0%
[18:53:33] [Worker-Main-6/INFO]: Preparing spawn area: 0%
[18:53:34] [Worker-Main-6/INFO]: Preparing spawn area: 0%
[18:53:34] [Worker-Main-6/INFO]: Preparing spawn area: 0%
[18:53:35] [Worker-Main-6/INFO]: Preparing spawn area: 0%
[18:53:35] [Worker-Main-6/INFO]: Preparing spawn area: 0%
[18:53:35] [Worker-Main-6/INFO]: Preparing spawn area: 0%
[18:53:36] [Worker-Main-6/INFO]: Preparing spawn area: 0%
[18:53:36] [Worker-Main-6/INFO]: Preparing spawn area: 0%
[18:53:37] [Worker-Main-6/INFO]: Preparing spawn area: 0%
[18:53:37] [Worker-Main-6/INFO]: Preparing spawn area: 0%
[18:53:38] [Worker-Main-6/INFO]: Preparing spawn area: 0%
[18:53:38] [Worker-Main-6/INFO]: Preparing spawn area: 0%
[18:53:39] [Worker-Main-6/INFO]: Preparing spawn area: 0%
[18:53:39] [Worker-Main-6/INFO]: Preparing spawn area: 0%
[18:53:40] [Worker-Main-6/INFO]: Preparing spawn area: 0%
[18:53:40] [Worker-Main-6/INFO]: Preparing spawn area: 0%
[18:53:41] [Worker-Main-6/INFO]: Preparing spawn area: 0%
[18:53:41] [Worker-Main-6/INFO]: Preparing spawn area: 0%
[18:53:42] [Worker-Main-6/INFO]: Preparing spawn area: 0%
[18:53:42] [Worker-Main-6/INFO]: Preparing spawn area: 0%
[18:53:43] [Worker-Main-6/INFO]: Preparing spawn area: 0%
[18:53:44] [Worker-Main-6/INFO]: Preparing spawn area: 0%
[18:53:44] [Worker-Main-6/INFO]: Preparing spawn area: 0%
[18:53:44] [Worker-Main-6/INFO]: Preparing spawn area: 0%
[18:53:45] [Worker-Main-6/INFO]: Preparing spawn area: 0%
[18:53:45] [Worker-Main-6/INFO]: Preparing spawn area: 0%
[18:53:47] [Worker-Main-6/INFO]: Preparing spawn area: 6%
[18:53:47] [Worker-Main-6/INFO]: Preparing spawn area: 6%
[18:53:47] [Worker-Main-6/INFO]: Preparing spawn area: 79%
[18:53:49] [Server thread/INFO]: Time elapsed: 53216 ms
[18:53:49] [Server thread/INFO]: Done (65.487s)! For help, type "help"
[19:00:33] [Server thread/INFO]: Stopping the server
[19:00:33] [Server thread/INFO]: Stopping server
[19:00:33] [Server thread/INFO]: Saving players
[19:00:33] [Server thread/INFO]: Saving worlds
[19:00:34] [Server thread/INFO]: Saving chunks for level 'ServerLevel[world]'/minecraft:overworld
[19:00:37] [Server thread/INFO]: Saving chunks for level 'ServerLevel[world]'/minecraft:the_end
[19:00:37] [Server thread/INFO]: Saving chunks for level 'ServerLevel[world]'/minecraft:the_nether
[19:00:37] [Server thread/INFO]: ThreadedAnvilChunkStorage (world): All chunks are saved
[19:00:37] [Server thread/INFO]: ThreadedAnvilChunkStorage (DIM1): All chunks are saved
[19:00:37] [Server thread/INFO]: ThreadedAnvilChunkStorage (DIM-1): All chunks are saved
[19:00:37] [Server thread/INFO]: ThreadedAnvilChunkStorage: All dimensions are saved
